{
  "RSpec": {
    "coverage": {
      "/home/patrick/code/ruby/epicodus/JobSearch/app/helpers/users_helper.rb": [
        1,
        null
      ],
      "/home/patrick/code/ruby/epicodus/JobSearch/app/helpers/application_helper.rb": [
        1,
        null
      ],
      "/home/patrick/code/ruby/epicodus/JobSearch/app/helpers/companies_helper.rb": [
        1,
        null
      ],
      "/home/patrick/code/ruby/epicodus/JobSearch/app/helpers/applications_helper.rb": [
        1,
        null
      ],
      "/home/patrick/code/ruby/epicodus/JobSearch/app/controllers/application_controller.rb": [
        1,
        null,
        null,
        1,
        1,
        null,
        1,
        null,
        1,
        1,
        null,
        null
      ],
      "/home/patrick/code/ruby/epicodus/JobSearch/app/controllers/companies_controller.rb": [
        1,
        1,
        0,
        0,
        0,
        0,
        null,
        0,
        0,
        null,
        null,
        null,
        1,
        null,
        1,
        0,
        null,
        null
      ],
      "/home/patrick/code/ruby/epicodus/JobSearch/app/controllers/job_applications_controller.rb": [
        1,
        1,
        1,
        1,
        null,
        1,
        0,
        null,
        null,
        1,
        null,
        null,
        1,
        0,
        0,
        0,
        0,
        0,
        null,
        0,
        null,
        null,
        1,
        0,
        0,
        0,
        0,
        null,
        0,
        0,
        null,
        null,
        null,
        1,
        null,
        1,
        0,
        null,
        null,
        1,
        0,
        null,
        null
      ],
      "/home/patrick/code/ruby/epicodus/JobSearch/app/controllers/users_controller.rb": [
        1,
        null
      ],
      "/home/patrick/code/ruby/epicodus/JobSearch/app/models/user.rb": [
        1,
        null,
        null,
        1,
        null,
        1,
        1,
        null
      ],
      "/home/patrick/code/ruby/epicodus/JobSearch/app/models/job_application.rb": [
        1,
        1,
        1,
        1,
        1,
        1,
        1,
        1,
        null
      ],
      "/home/patrick/code/ruby/epicodus/JobSearch/app/models/company.rb": [
        1,
        1,
        null,
        null
      ]
    },
    "timestamp": 1459118364
  }
}
